<?xml version="1.0" encoding="UTF-8"?>
<testng-results ignored="0" total="1" passed="1" failed="0" skipped="0">
  <reporter-output>
  </reporter-output>
  <suite started-at="2021-10-19T13:43:56 IST" name="Suite" finished-at="2021-10-19T13:44:19 IST" duration-ms="23914">
    <groups>
    </groups>
    <test started-at="2021-10-19T13:43:56 IST" name="Test" finished-at="2021-10-19T13:44:19 IST" duration-ms="23914">
      <class name="com.runTest.TestExecution">
        <test-method is-config="true" signature="beforeTest()[pri:0, instance:com.runTest.TestExecution@63a65a25]" started-at="2021-10-19T13:43:56 IST" name="beforeTest" finished-at="2021-10-19T13:44:03 IST" duration-ms="7667" status="PASS">
          <reporter-output>
          </reporter-output>
        </test-method> <!-- beforeTest -->
        <test-method signature="test1()[pri:0, instance:com.runTest.TestExecution@63a65a25]" started-at="2021-10-19T13:44:03 IST" name="test1" finished-at="2021-10-19T13:44:19 IST" duration-ms="15807" status="PASS">
          <reporter-output>
          </reporter-output>
        </test-method> <!-- test1 -->
        <test-method is-config="true" signature="afterTest()[pri:0, instance:com.runTest.TestExecution@63a65a25]" started-at="2021-10-19T13:44:19 IST" name="afterTest" finished-at="2021-10-19T13:44:19 IST" duration-ms="386" status="PASS">
          <reporter-output>
          </reporter-output>
        </test-method> <!-- afterTest -->
      </class> <!-- com.runTest.TestExecution -->
    </test> <!-- Test -->
  </suite> <!-- Suite -->
</testng-results>
